<?xml version="1.0" encoding="UTF-8"?>
<!-- Generated by org.testng.reporters.JUnitReportReporter -->
<testsuite hostname="DESKTOP-479UF7K" failures="0" tests="2" name="tests.userTest" time="5.168" errors="0" timestamp="2025-07-28T21:23:52 IST" skipped="0">
  <testcase classname="tests.userTest" name="testPostUser" time="3.375"/>
  <testcase classname="tests.userTest" name="testGetUserByName" time="1.793"/>
</testsuite> <!-- tests.userTest -->
