<?xml version="1.0" encoding="UTF-8"?>
<!-- Generated by org.testng.reporters.JUnitReportReporter -->
<testsuite hostname="DESKTOP-479UF7K" failures="0" tests="6" name="tests.DdUserTest" time="10.772" errors="0" timestamp="2025-07-30T11:11:50 IST" skipped="0">
  <testcase classname="tests.DdUserTest" name="testPostUser" time="1.343"/>
  <testcase classname="tests.DdUserTest" name="testPostUser" time="3.928"/>
  <testcase classname="tests.DdUserTest" name="testPostUser" time="1.372"/>
  <testcase classname="tests.DdUserTest" name="testDeleteUserByName" time="1.388"/>
  <testcase classname="tests.DdUserTest" name="testDeleteUserByName" time="1.408"/>
  <testcase classname="tests.DdUserTest" name="testDeleteUserByName" time="1.333"/>
</testsuite> <!-- tests.DdUserTest -->
