<?xml version="1.0" encoding="UTF-8"?>
<!-- Generated by org.testng.reporters.JUnitReportReporter -->
<testsuite hostname="DESKTOP-479UF7K" failures="0" tests="4" name="tests.userTest2" time="11.612" errors="0" timestamp="2025-08-03T15:50:56 IST" skipped="0">
  <testcase classname="tests.userTest2" name="testPostUser" time="4.993"/>
  <testcase classname="tests.userTest2" name="testGetUserByName" time="1.788"/>
  <testcase classname="tests.userTest2" name="testUpdateUserByName" time="3.189"/>
  <testcase classname="tests.userTest2" name="testDeleteUserByName" time="1.642"/>
</testsuite> <!-- tests.userTest2 -->
