<?xml version="1.0" encoding="UTF-8"?>
<!-- Generated by org.testng.reporters.JUnitReportReporter -->
<testsuite hostname="DESKTOP-479UF7K" failures="0" tests="4" name="tests.userTest2" time="10.412" errors="0" timestamp="2025-08-06T12:30:54 IST" skipped="0">
  <testcase classname="tests.userTest2" name="testPostUser" time="5.630"/>
  <testcase classname="tests.userTest2" name="testGetUserByName" time="1.229"/>
  <testcase classname="tests.userTest2" name="testUpdateUserByName" time="2.364"/>
  <testcase classname="tests.userTest2" name="testDeleteUserByName" time="1.189"/>
</testsuite> <!-- tests.userTest2 -->
