<?xml version="1.0" encoding="UTF-8"?>
<!-- Generated by org.testng.reporters.JUnitReportReporter -->
<testsuite hostname="DESKTOP-479UF7K" failures="0" tests="6" name="tests.DdUserTest" time="12.676" errors="0" timestamp="2025-08-03T23:56:02 IST" skipped="0">
  <testcase classname="tests.DdUserTest" name="testPostUser" time="1.635"/>
  <testcase classname="tests.DdUserTest" name="testPostUser" time="1.613"/>
  <testcase classname="tests.DdUserTest" name="testPostUser" time="4.612"/>
  <testcase classname="tests.DdUserTest" name="testDeleteUserByName" time="1.597"/>
  <testcase classname="tests.DdUserTest" name="testDeleteUserByName" time="1.645"/>
  <testcase classname="tests.DdUserTest" name="testDeleteUserByName" time="1.574"/>
</testsuite> <!-- tests.DdUserTest -->
