<?xml version="1.0" encoding="UTF-8"?>
<!-- Generated by org.testng.reporters.JUnitReportReporter -->
<testsuite hostname="DESKTOP-479UF7K" failures="0" tests="4" name="runners.TestRunner" time="35.667" errors="0" timestamp="2025-08-07T10:28:46 IST" skipped="0">
  <testcase classname="runners.TestRunner" name="runScenario" time="7.799"/>
  <testcase classname="runners.TestRunner" name="runScenario" time="2.014"/>
  <testcase classname="runners.TestRunner" name="runScenario" time="10.227"/>
  <testcase classname="runners.TestRunner" name="runScenario" time="15.627"/>
</testsuite> <!-- runners.TestRunner -->
