<?xml version="1.0" encoding="UTF-8"?>
<!-- Generated by org.testng.reporters.JUnitReportReporter -->
<testsuite hostname="DESKTOP-479UF7K" failures="0" tests="4" name="runners.TestRunner" time="7.442" errors="4" timestamp="2025-08-02T23:59:30 IST" skipped="0">
  <testcase classname="runners.TestRunner" name="runScenario" time="1.597">
    <error message="Cannot invoke &quot;org.apache.logging.log4j.Logger.info(String)&quot; because &quot;logger&quot; is null" type="java.lang.NullPointerException">
      <![CDATA[java.lang.NullPointerException: Cannot invoke "org.apache.logging.log4j.Logger.info(String)" because "logger" is null
at utilties.RetryUtil.retryRequest(RetryUtil.java:30)
at endpoints.UserEndpoints2.updateUser(UserEndpoints2.java:53)
at stepDefinition.UserStepDefs.i_update_the_user(UserStepDefs.java:66)
at ✽.I update the user(file:///C:/Users/User/Documents/Kashish%20Workspace/src/test/resources/features/User.feature:24)
]]>
    </error>
  </testcase> <!-- runScenario -->
  <testcase classname="runners.TestRunner" name="runScenario" time="0.007">
    <error message="Cannot invoke &quot;payloads.User.setUsername(String)&quot; because &quot;this.userPayload&quot; is null" type="java.lang.NullPointerException">
      <![CDATA[java.lang.NullPointerException: Cannot invoke "payloads.User.setUsername(String)" because "this.userPayload" is null
at stepDefinition.UserStepDefs.i_have_a_username_to_delete(UserStepDefs.java:72)
at ✽.I have a username "john_doe_88" to delete(file:///C:/Users/User/Documents/Kashish%20Workspace/src/test/resources/features/User.feature:32)
]]>
    </error>
  </testcase> <!-- runScenario -->
  <testcase classname="runners.TestRunner" name="runScenario" time="1.702">
    <error message="Cannot invoke &quot;org.apache.logging.log4j.Logger.info(String)&quot; because &quot;logger&quot; is null" type="java.lang.NullPointerException">
      <![CDATA[java.lang.NullPointerException: Cannot invoke "org.apache.logging.log4j.Logger.info(String)" because "logger" is null
at utilties.RetryUtil.retryRequest(RetryUtil.java:30)
at endpoints.UserEndpoints2.readUser(UserEndpoints2.java:39)
at stepDefinition.UserStepDefs.i_retrieve_the_user_details(UserStepDefs.java:46)
at ✽.I retrieve the user details(file:///C:/Users/User/Documents/Kashish%20Workspace/src/test/resources/features/User.feature:14)
]]>
    </error>
  </testcase> <!-- runScenario -->
  <testcase classname="runners.TestRunner" name="runScenario" time="4.136">
    <error message="Cannot invoke &quot;org.apache.logging.log4j.Logger.info(String)&quot; because &quot;logger&quot; is null" type="java.lang.NullPointerException">
      <![CDATA[java.lang.NullPointerException: Cannot invoke "org.apache.logging.log4j.Logger.info(String)" because "logger" is null
at utilties.RetryUtil.retryRequest(RetryUtil.java:30)
at endpoints.UserEndpoints2.createUser(UserEndpoints2.java:23)
at stepDefinition.UserStepDefs.i_create_the_user(UserStepDefs.java:29)
at ✽.I create the user(file:///C:/Users/User/Documents/Kashish%20Workspace/src/test/resources/features/User.feature:5)
]]>
    </error>
  </testcase> <!-- runScenario -->
</testsuite> <!-- runners.TestRunner -->
