<?xml version="1.0" encoding="UTF-8"?>
<!-- Generated by org.testng.reporters.JUnitReportReporter -->
<testsuite hostname="DESKTOP-479UF7K" failures="0" tests="6" name="tests.DdUserTest" time="28.232" errors="0" timestamp="2025-08-06T12:30:54 IST" skipped="0">
  <testcase classname="tests.DdUserTest" name="testPostUser" time="1.222"/>
  <testcase classname="tests.DdUserTest" name="testPostUser" time="1.165"/>
  <testcase classname="tests.DdUserTest" name="testPostUser" time="3.922"/>
  <testcase classname="tests.DdUserTest" name="testDeleteUserByName" time="13.428"/>
  <testcase classname="tests.DdUserTest" name="testDeleteUserByName" time="1.149"/>
  <testcase classname="tests.DdUserTest" name="testDeleteUserByName" time="7.346"/>
</testsuite> <!-- tests.DdUserTest -->
